<?xml version="1.0" encoding="UTF-8"?>
<testsuite xmlns:xsi="http://www.w3.org/2001/XMLSchema-instance" xsi:noNamespaceSchemaLocation="https://maven.apache.org/surefire/maven-surefire-plugin/xsd/surefire-test-report-3.0.xsd" version="3.0" name="fr.imt.coffee.machine.component.ElectricalResistanceTest" time="10.888" tests="2" errors="0" skipped="0" failures="0">
  <properties>
[...]
</properties>
  <testcase name="testWaterHeatingNominalCaseWithHamcrest" classname="fr.imt.coffee.machine.component.ElectricalResistanceTest" time="5.442">
    <system-out><![CDATA[02:04:59.484 [main] INFO  fr.imt.coffee.machine.component.ElectricalResistance - Water heating time : 5439.0
02:04:59.484 [main] INFO  fr.imt.coffee.machine.component.ElectricalResistance - Water heating...
02:05:04.923 [main] INFO  fr.imt.coffee.machine.component.ElectricalResistance - Water heating OK
]]></system-out>
  </testcase>
  <testcase name="testWaterHeatingNominalCaseWithJUnit" classname="fr.imt.coffee.machine.component.ElectricalResistanceTest" time="5.443">
    <system-out><![CDATA[02:05:04.929 [main] INFO  fr.imt.coffee.machine.component.ElectricalResistance - Water heating time : 5439.0
02:05:04.929 [main] INFO  fr.imt.coffee.machine.component.ElectricalResistance - Water heating...
02:05:10.369 [main] INFO  fr.imt.coffee.machine.component.ElectricalResistance - Water heating OK
]]></system-out>
  </testcase>
</testsuite>