<?xml version="1.0" encoding="UTF-8"?>
<testsuite xmlns:xsi="http://www.w3.org/2001/XMLSchema-instance" xsi:noNamespaceSchemaLocation="https://maven.apache.org/surefire/maven-surefire-plugin/xsd/surefire-test-report-3.0.xsd" version="3.0" name="CoffeeMachineUnitTest" time="29.599" tests="15" errors="0" skipped="1" failures="0">
  <properties>
[...]
</properties>
  <testcase name="" classname="CoffeeMachineUnitTest" time="0">
    <skipped/>
  </testcase>
  <testcase name="TestMakeCoffeeAndLackOfWater" classname="CoffeeMachineUnitTest" time="1.94"/>
  <testcase name="testMachineFailureTrue" classname="CoffeeMachineUnitTest" time="0.138"/>
  <testcase name="testMakeACoffeeCremaException" classname="CoffeeMachineUnitTest" time="0.087"/>
  <testcase name="TestToString" classname="CoffeeMachineUnitTest" time="0.026"/>
  <testcase name="TestAddCoffeeBeanTank" classname="CoffeeMachineUnitTest" time="0"/>
  <testcase name="TestMakeCoffeeAndMachineUnplugged" classname="CoffeeMachineUnitTest" time="0.006"/>
  <testcase name="testPlugMachine" classname="CoffeeMachineUnitTest" time="0"/>
  <testcase name="testMakeACoffeeInCup" classname="CoffeeMachineUnitTest" time="8.999"/>
  <testcase name="testMakeACoffeeInMug" classname="CoffeeMachineUnitTest" time="18.317"/>
  <testcase name="testMakeACoffeeDifferentCoffeeTypeException" classname="CoffeeMachineUnitTest" time="0.005"/>
  <testcase name="TestChangeNbCoffeeMade" classname="CoffeeMachineUnitTest" time="0.002"/>
  <testcase name="testMakeACoffeeCupNotEmptyException" classname="CoffeeMachineUnitTest" time="0.004"/>
  <testcase name="testMachineFailureFalse" classname="CoffeeMachineUnitTest" time="0.002"/>
  <testcase name="testMakeACoffeeOutOfOrderException" classname="CoffeeMachineUnitTest" time="0.003"/>
</testsuite>