<?xml version="1.0" encoding="UTF-8" standalone="yes"?><!DOCTYPE report PUBLIC "-//JACOCO//DTD Report 1.1//EN" "report.dtd"><report name="coffee-machine"><sessioninfo id="DESKTOP-7MIGENF-a2ec21eb" start="1702254968510" dump="1702255008913"/><package name="fr/imt/coffee/storage/cupboard/coffee/type"><class name="fr/imt/coffee/storage/cupboard/coffee/type/CoffeeType" sourcefilename="CoffeeType.java"><method name="&lt;clinit&gt;" desc="()V" line="6"><counter type="INSTRUCTION" missed="0" covered="33"/><counter type="LINE" missed="0" covered="6"/><counter type="COMPLEXITY" missed="0" covered="1"/><counter type="METHOD" missed="0" covered="1"/></method><counter type="INSTRUCTION" missed="0" covered="33"/><counter type="LINE" missed="0" covered="6"/><counter type="COMPLEXITY" missed="0" covered="1"/><counter type="METHOD" missed="0" covered="1"/><counter type="CLASS" missed="0" covered="1"/></class><sourcefile name="CoffeeType.java"><line nr="6" mi="0" ci="3" mb="0" cb="0"/><line nr="7" mi="0" ci="6" mb="0" cb="0"/><line nr="8" mi="0" ci="6" mb="0" cb="0"/><line nr="9" mi="0" ci="6" mb="0" cb="0"/><line nr="10" mi="0" ci="6" mb="0" cb="0"/><line nr="11" mi="0" ci="6" mb="0" cb="0"/><counter type="INSTRUCTION" missed="0" covered="33"/><counter type="LINE" missed="0" covered="6"/><counter type="COMPLEXITY" missed="0" covered="1"/><counter type="METHOD" missed="0" covered="1"/><counter type="CLASS" missed="0" covered="1"/></sourcefile><counter type="INSTRUCTION" missed="0" covered="33"/><counter type="LINE" missed="0" covered="6"/><counter type="COMPLEXITY" missed="0" covered="1"/><counter type="METHOD" missed="0" covered="1"/><counter type="CLASS" missed="0" covered="1"/></package><package name="fr/imt/coffee/machine"><class name="fr/imt/coffee/machine/CoffeeMachine" sourcefilename="CoffeeMachine.java"><method name="&lt;init&gt;" desc="(DDDDD)V" line="31"><counter type="INSTRUCTION" missed="0" covered="54"/><counter type="LINE" missed="0" covered="11"/><counter type="COMPLEXITY" missed="0" covered="1"/><counter type="METHOD" missed="0" covered="1"/></method><method name="plugToElectricalPlug" desc="()V" line="47"><counter type="INSTRUCTION" missed="0" covered="4"/><counter type="LINE" missed="0" covered="2"/><counter type="COMPLEXITY" missed="0" covered="1"/><counter type="METHOD" missed="0" covered="1"/></method><method name="reset" desc="()V" line="54"><counter type="INSTRUCTION" missed="0" covered="4"/><counter type="LINE" missed="0" covered="2"/><counter type="COMPLEXITY" missed="0" covered="1"/><counter type="METHOD" missed="0" covered="1"/></method><method name="addWaterInTank" desc="(D)V" line="62"><counter type="INSTRUCTION" missed="0" covered="5"/><counter type="LINE" missed="0" covered="2"/><counter type="COMPLEXITY" missed="0" covered="1"/><counter type="METHOD" missed="0" covered="1"/></method><method name="addCoffeeInBeanTank" desc="(DLfr/imt/coffee/storage/cupboard/coffee/type/CoffeeType;)V" line="66"><counter type="INSTRUCTION" missed="6" covered="0"/><counter type="LINE" missed="2" covered="0"/><counter type="COMPLEXITY" missed="1" covered="0"/><counter type="METHOD" missed="1" covered="0"/></method><method name="makeACoffee" desc="(Lfr/imt/coffee/storage/cupboard/container/Container;Lfr/imt/coffee/storage/cupboard/coffee/type/CoffeeType;)Lfr/imt/coffee/storage/cupboard/container/CoffeeContainer;" line="86"><counter type="INSTRUCTION" missed="0" covered="102"/><counter type="BRANCH" missed="0" covered="16"/><counter type="LINE" missed="0" covered="23"/><counter type="COMPLEXITY" missed="0" covered="9"/><counter type="METHOD" missed="0" covered="1"/></method><method name="coffeeMachineFailure" desc="()V" line="136"><counter type="INSTRUCTION" missed="0" covered="15"/><counter type="BRANCH" missed="0" covered="2"/><counter type="LINE" missed="0" covered="3"/><counter type="COMPLEXITY" missed="0" covered="2"/><counter type="METHOD" missed="0" covered="1"/></method><method name="toString" desc="()Ljava/lang/String;" line="142"><counter type="INSTRUCTION" missed="0" covered="14"/><counter type="LINE" missed="0" covered="3"/><counter type="COMPLEXITY" missed="0" covered="1"/><counter type="METHOD" missed="0" covered="1"/></method><method name="getWaterTank" desc="()Lfr/imt/coffee/machine/component/WaterTank;" line="151"><counter type="INSTRUCTION" missed="0" covered="3"/><counter type="LINE" missed="0" covered="1"/><counter type="COMPLEXITY" missed="0" covered="1"/><counter type="METHOD" missed="0" covered="1"/></method><method name="getWaterPump" desc="()Lfr/imt/coffee/machine/component/WaterPump;" line="155"><counter type="INSTRUCTION" missed="0" covered="3"/><counter type="LINE" missed="0" covered="1"/><counter type="COMPLEXITY" missed="0" covered="1"/><counter type="METHOD" missed="0" covered="1"/></method><method name="getElectricalResistance" desc="()Lfr/imt/coffee/machine/component/ElectricalResistance;" line="159"><counter type="INSTRUCTION" missed="0" covered="3"/><counter type="LINE" missed="0" covered="1"/><counter type="COMPLEXITY" missed="0" covered="1"/><counter type="METHOD" missed="0" covered="1"/></method><method name="isPlugged" desc="()Z" line="163"><counter type="INSTRUCTION" missed="0" covered="3"/><counter type="LINE" missed="0" covered="1"/><counter type="COMPLEXITY" missed="0" covered="1"/><counter type="METHOD" missed="0" covered="1"/></method><method name="isOutOfOrder" desc="()Z" line="167"><counter type="INSTRUCTION" missed="0" covered="3"/><counter type="LINE" missed="0" covered="1"/><counter type="COMPLEXITY" missed="0" covered="1"/><counter type="METHOD" missed="0" covered="1"/></method><method name="setOutOfOrder" desc="(Z)V" line="171"><counter type="INSTRUCTION" missed="0" covered="4"/><counter type="LINE" missed="0" covered="2"/><counter type="COMPLEXITY" missed="0" covered="1"/><counter type="METHOD" missed="0" covered="1"/></method><method name="getNbCoffeeMade" desc="()I" line="175"><counter type="INSTRUCTION" missed="0" covered="3"/><counter type="LINE" missed="0" covered="1"/><counter type="COMPLEXITY" missed="0" covered="1"/><counter type="METHOD" missed="0" covered="1"/></method><method name="setNbCoffeeMade" desc="(I)V" line="179"><counter type="INSTRUCTION" missed="0" covered="4"/><counter type="LINE" missed="0" covered="2"/><counter type="COMPLEXITY" missed="0" covered="1"/><counter type="METHOD" missed="0" covered="1"/></method><method name="getRandomGenerator" desc="()Ljava/util/Random;" line="183"><counter type="INSTRUCTION" missed="3" covered="0"/><counter type="LINE" missed="1" covered="0"/><counter type="COMPLEXITY" missed="1" covered="0"/><counter type="METHOD" missed="1" covered="0"/></method><method name="setRandomGenerator" desc="(Ljava/util/Random;)V" line="187"><counter type="INSTRUCTION" missed="0" covered="4"/><counter type="LINE" missed="0" covered="2"/><counter type="COMPLEXITY" missed="0" covered="1"/><counter type="METHOD" missed="0" covered="1"/></method><method name="getCoffeeGrinder" desc="()Lfr/imt/coffee/machine/component/CoffeeGrinder;" line="191"><counter type="INSTRUCTION" missed="3" covered="0"/><counter type="LINE" missed="1" covered="0"/><counter type="COMPLEXITY" missed="1" covered="0"/><counter type="METHOD" missed="1" covered="0"/></method><method name="getBeanTank" desc="()Lfr/imt/coffee/machine/component/BeanTank;" line="194"><counter type="INSTRUCTION" missed="0" covered="3"/><counter type="LINE" missed="0" covered="1"/><counter type="COMPLEXITY" missed="0" covered="1"/><counter type="METHOD" missed="0" covered="1"/></method><method name="&lt;clinit&gt;" desc="()V" line="18"><counter type="INSTRUCTION" missed="0" covered="4"/><counter type="LINE" missed="0" covered="1"/><counter type="COMPLEXITY" missed="0" covered="1"/><counter type="METHOD" missed="0" covered="1"/></method><counter type="INSTRUCTION" missed="12" covered="235"/><counter type="BRANCH" missed="0" covered="18"/><counter type="LINE" missed="4" covered="60"/><counter type="COMPLEXITY" missed="3" covered="27"/><counter type="METHOD" missed="3" covered="18"/><counter type="CLASS" missed="0" covered="1"/></class><class name="fr/imt/coffee/machine/EspressoCoffeeMachine" sourcefilename="EspressoCoffeeMachine.java"><method name="&lt;init&gt;" desc="(DDDDD)V" line="19"><counter type="INSTRUCTION" missed="22" covered="0"/><counter type="LINE" missed="4" covered="0"/><counter type="COMPLEXITY" missed="1" covered="0"/><counter type="METHOD" missed="1" covered="0"/></method><method name="makeACoffee" desc="(Lfr/imt/coffee/storage/cupboard/container/Container;Lfr/imt/coffee/storage/cupboard/coffee/type/CoffeeType;)Lfr/imt/coffee/storage/cupboard/container/CoffeeContainer;" line="40"><counter type="INSTRUCTION" missed="109" covered="0"/><counter type="BRANCH" missed="18" covered="0"/><counter type="LINE" missed="22" covered="0"/><counter type="COMPLEXITY" missed="10" covered="0"/><counter type="METHOD" missed="1" covered="0"/></method><counter type="INSTRUCTION" missed="131" covered="0"/><counter type="BRANCH" missed="18" covered="0"/><counter type="LINE" missed="26" covered="0"/><counter type="COMPLEXITY" missed="11" covered="0"/><counter type="METHOD" missed="2" covered="0"/><counter type="CLASS" missed="1" covered="0"/></class><sourcefile name="CoffeeMachine.java"><line nr="18" mi="0" ci="4" mb="0" cb="0"/><line nr="31" mi="0" ci="2" mb="0" cb="0"/><line nr="32" mi="0" ci="9" mb="0" cb="0"/><line nr="33" mi="0" ci="8" mb="0" cb="0"/><line nr="34" mi="0" ci="8" mb="0" cb="0"/><line nr="35" mi="0" ci="6" mb="0" cb="0"/><line nr="36" mi="0" ci="6" mb="0" cb="0"/><line nr="37" mi="0" ci="3" mb="0" cb="0"/><line nr="38" mi="0" ci="3" mb="0" cb="0"/><line nr="39" mi="0" ci="3" mb="0" cb="0"/><line nr="40" mi="0" ci="5" mb="0" cb="0"/><line nr="41" mi="0" ci="1" mb="0" cb="0"/><line nr="47" mi="0" ci="3" mb="0" cb="0"/><line nr="48" mi="0" ci="1" mb="0" cb="0"/><line nr="54" mi="0" ci="3" mb="0" cb="0"/><line nr="55" mi="0" ci="1" mb="0" cb="0"/><line nr="62" mi="0" ci="4" mb="0" cb="0"/><line nr="63" mi="0" ci="1" mb="0" cb="0"/><line nr="66" mi="5" ci="0" mb="0" cb="0"/><line nr="67" mi="1" ci="0" mb="0" cb="0"/><line nr="86" mi="0" ci="3" mb="0" cb="2"/><line nr="87" mi="0" ci="5" mb="0" cb="0"/><line nr="98" mi="0" ci="3" mb="0" cb="2"/><line nr="99" mi="0" ci="3" mb="0" cb="0"/><line nr="100" mi="0" ci="2" mb="0" cb="0"/><line nr="103" mi="0" ci="7" mb="0" cb="2"/><line nr="104" mi="0" ci="5" mb="0" cb="0"/><line nr="107" mi="0" ci="3" mb="0" cb="2"/><line nr="108" mi="0" ci="5" mb="0" cb="0"/><line nr="111" mi="0" ci="5" mb="0" cb="2"/><line nr="112" mi="0" ci="5" mb="0" cb="0"/><line nr="116" mi="0" ci="5" mb="0" cb="2"/><line nr="117" mi="0" ci="5" mb="0" cb="0"/><line nr="120" mi="0" ci="6" mb="0" cb="0"/><line nr="121" mi="0" ci="8" mb="0" cb="0"/><line nr="122" mi="0" ci="6" mb="0" cb="0"/><line nr="124" mi="0" ci="2" mb="0" cb="0"/><line nr="125" mi="0" ci="3" mb="0" cb="2"/><line nr="126" mi="0" ci="6" mb="0" cb="0"/><line nr="127" mi="0" ci="3" mb="0" cb="2"/><line nr="128" mi="0" ci="7" mb="0" cb="0"/><line nr="130" mi="0" ci="3" mb="0" cb="0"/><line nr="131" mi="0" ci="2" mb="0" cb="0"/><line nr="136" mi="0" ci="4" mb="0" cb="0"/><line nr="138" mi="0" ci="10" mb="0" cb="2"/><line nr="139" mi="0" ci="1" mb="0" cb="0"/><line nr="142" mi="0" ci="3" mb="0" cb="0"/><line nr="143" mi="0" ci="3" mb="0" cb="0"/><line nr="144" mi="0" ci="8" mb="0" cb="0"/><line nr="151" mi="0" ci="3" mb="0" cb="0"/><line nr="155" mi="0" ci="3" mb="0" cb="0"/><line nr="159" mi="0" ci="3" mb="0" cb="0"/><line nr="163" mi="0" ci="3" mb="0" cb="0"/><line nr="167" mi="0" ci="3" mb="0" cb="0"/><line nr="171" mi="0" ci="3" mb="0" cb="0"/><line nr="172" mi="0" ci="1" mb="0" cb="0"/><line nr="175" mi="0" ci="3" mb="0" cb="0"/><line nr="179" mi="0" ci="3" mb="0" cb="0"/><line nr="180" mi="0" ci="1" mb="0" cb="0"/><line nr="183" mi="3" ci="0" mb="0" cb="0"/><line nr="187" mi="0" ci="3" mb="0" cb="0"/><line nr="188" mi="0" ci="1" mb="0" cb="0"/><line nr="191" mi="3" ci="0" mb="0" cb="0"/><line nr="194" mi="0" ci="3" mb="0" cb="0"/><counter type="INSTRUCTION" missed="12" covered="235"/><counter type="BRANCH" missed="0" covered="18"/><counter type="LINE" missed="4" covered="60"/><counter type="COMPLEXITY" missed="3" covered="27"/><counter type="METHOD" missed="3" covered="18"/><counter type="CLASS" missed="0" covered="1"/></sourcefile><sourcefile name="EspressoCoffeeMachine.java"><line nr="19" mi="7" ci="0" mb="0" cb="0"/><line nr="20" mi="9" ci="0" mb="0" cb="0"/><line nr="21" mi="5" ci="0" mb="0" cb="0"/><line nr="22" mi="1" ci="0" mb="0" cb="0"/><line nr="40" mi="3" ci="0" mb="2" cb="0"/><line nr="41" mi="5" ci="0" mb="0" cb="0"/><line nr="44" mi="7" ci="0" mb="2" cb="0"/><line nr="45" mi="5" ci="0" mb="0" cb="0"/><line nr="48" mi="3" ci="0" mb="2" cb="0"/><line nr="49" mi="5" ci="0" mb="0" cb="0"/><line nr="52" mi="10" ci="0" mb="4" cb="0"/><line nr="53" mi="5" ci="0" mb="0" cb="0"/><line nr="56" mi="2" ci="0" mb="0" cb="0"/><line nr="58" mi="3" ci="0" mb="2" cb="0"/><line nr="59" mi="3" ci="0" mb="0" cb="0"/><line nr="60" mi="2" ci="0" mb="0" cb="0"/><line nr="63" mi="6" ci="0" mb="0" cb="0"/><line nr="64" mi="8" ci="0" mb="0" cb="0"/><line nr="65" mi="15" ci="0" mb="2" cb="0"/><line nr="67" mi="2" ci="0" mb="0" cb="0"/><line nr="68" mi="3" ci="0" mb="2" cb="0"/><line nr="69" mi="7" ci="0" mb="0" cb="0"/><line nr="70" mi="3" ci="0" mb="2" cb="0"/><line nr="71" mi="7" ci="0" mb="0" cb="0"/><line nr="73" mi="3" ci="0" mb="0" cb="0"/><line nr="74" mi="2" ci="0" mb="0" cb="0"/><counter type="INSTRUCTION" missed="131" covered="0"/><counter type="BRANCH" missed="18" covered="0"/><counter type="LINE" missed="26" covered="0"/><counter type="COMPLEXITY" missed="11" covered="0"/><counter type="METHOD" missed="2" covered="0"/><counter type="CLASS" missed="1" covered="0"/></sourcefile><counter type="INSTRUCTION" missed="143" covered="235"/><counter type="BRANCH" missed="18" covered="18"/><counter type="LINE" missed="30" covered="60"/><counter type="COMPLEXITY" missed="14" covered="27"/><counter type="METHOD" missed="5" covered="18"/><counter type="CLASS" missed="1" covered="1"/></package><package name="fr/imt/coffee"><class name="fr/imt/coffee/MainEspresso" sourcefilename="MainEspresso.java"><method name="&lt;init&gt;" desc="()V" line="18"><counter type="INSTRUCTION" missed="3" covered="0"/><counter type="LINE" missed="1" covered="0"/><counter type="COMPLEXITY" missed="1" covered="0"/><counter type="METHOD" missed="1" covered="0"/></method><method name="main" desc="([Ljava/lang/String;)V" line="27"><counter type="INSTRUCTION" missed="96" covered="0"/><counter type="LINE" missed="30" covered="0"/><counter type="COMPLEXITY" missed="1" covered="0"/><counter type="METHOD" missed="1" covered="0"/></method><method name="&lt;clinit&gt;" desc="()V" line="23"><counter type="INSTRUCTION" missed="4" covered="0"/><counter type="LINE" missed="1" covered="0"/><counter type="COMPLEXITY" missed="1" covered="0"/><counter type="METHOD" missed="1" covered="0"/></method><counter type="INSTRUCTION" missed="103" covered="0"/><counter type="LINE" missed="32" covered="0"/><counter type="COMPLEXITY" missed="3" covered="0"/><counter type="METHOD" missed="3" covered="0"/><counter type="CLASS" missed="1" covered="0"/></class><class name="fr/imt/coffee/MainCoffee" sourcefilename="MainCoffee.java"><method name="&lt;init&gt;" desc="()V" line="19"><counter type="INSTRUCTION" missed="3" covered="0"/><counter type="LINE" missed="1" covered="0"/><counter type="COMPLEXITY" missed="1" covered="0"/><counter type="METHOD" missed="1" covered="0"/></method><method name="main" desc="([Ljava/lang/String;)V" line="29"><counter type="INSTRUCTION" missed="102" covered="0"/><counter type="LINE" missed="32" covered="0"/><counter type="COMPLEXITY" missed="1" covered="0"/><counter type="METHOD" missed="1" covered="0"/></method><method name="&lt;clinit&gt;" desc="()V" line="25"><counter type="INSTRUCTION" missed="4" covered="0"/><counter type="LINE" missed="1" covered="0"/><counter type="COMPLEXITY" missed="1" covered="0"/><counter type="METHOD" missed="1" covered="0"/></method><counter type="INSTRUCTION" missed="109" covered="0"/><counter type="LINE" missed="34" covered="0"/><counter type="COMPLEXITY" missed="3" covered="0"/><counter type="METHOD" missed="3" covered="0"/><counter type="CLASS" missed="1" covered="0"/></class><sourcefile name="MainEspresso.java"><line nr="18" mi="3" ci="0" mb="0" cb="0"/><line nr="23" mi="4" ci="0" mb="0" cb="0"/><line nr="27" mi="2" ci="0" mb="0" cb="0"/><line nr="28" mi="9" ci="0" mb="0" cb="0"/><line nr="32" mi="2" ci="0" mb="0" cb="0"/><line nr="33" mi="3" ci="0" mb="0" cb="0"/><line nr="34" mi="4" ci="0" mb="0" cb="0"/><line nr="36" mi="4" ci="0" mb="0" cb="0"/><line nr="38" mi="2" ci="0" mb="0" cb="0"/><line nr="39" mi="2" ci="0" mb="0" cb="0"/><line nr="42" mi="6" ci="0" mb="0" cb="0"/><line nr="43" mi="3" ci="0" mb="0" cb="0"/><line nr="44" mi="5" ci="0" mb="0" cb="0"/><line nr="45" mi="4" ci="0" mb="0" cb="0"/><line nr="46" mi="1" ci="0" mb="0" cb="0"/><line nr="51" mi="4" ci="0" mb="0" cb="0"/><line nr="52" mi="1" ci="0" mb="0" cb="0"/><line nr="53" mi="4" ci="0" mb="0" cb="0"/><line nr="54" mi="3" ci="0" mb="0" cb="0"/><line nr="55" mi="1" ci="0" mb="0" cb="0"/><line nr="56" mi="4" ci="0" mb="0" cb="0"/><line nr="57" mi="3" ci="0" mb="0" cb="0"/><line nr="58" mi="1" ci="0" mb="0" cb="0"/><line nr="59" mi="4" ci="0" mb="0" cb="0"/><line nr="60" mi="5" ci="0" mb="0" cb="0"/><line nr="61" mi="1" ci="0" mb="0" cb="0"/><line nr="62" mi="4" ci="0" mb="0" cb="0"/><line nr="63" mi="2" ci="0" mb="0" cb="0"/><line nr="64" mi="1" ci="0" mb="0" cb="0"/><line nr="65" mi="4" ci="0" mb="0" cb="0"/><line nr="66" mi="6" ci="0" mb="0" cb="0"/><line nr="68" mi="1" ci="0" mb="0" cb="0"/><counter type="INSTRUCTION" missed="103" covered="0"/><counter type="LINE" missed="32" covered="0"/><counter type="COMPLEXITY" missed="3" covered="0"/><counter type="METHOD" missed="3" covered="0"/><counter type="CLASS" missed="1" covered="0"/></sourcefile><sourcefile name="MainCoffee.java"><line nr="19" mi="3" ci="0" mb="0" cb="0"/><line nr="25" mi="4" ci="0" mb="0" cb="0"/><line nr="29" mi="2" ci="0" mb="0" cb="0"/><line nr="30" mi="9" ci="0" mb="0" cb="0"/><line nr="34" mi="2" ci="0" mb="0" cb="0"/><line nr="35" mi="3" ci="0" mb="0" cb="0"/><line nr="36" mi="4" ci="0" mb="0" cb="0"/><line nr="38" mi="4" ci="0" mb="0" cb="0"/><line nr="40" mi="2" ci="0" mb="0" cb="0"/><line nr="41" mi="2" ci="0" mb="0" cb="0"/><line nr="44" mi="6" ci="0" mb="0" cb="0"/><line nr="45" mi="3" ci="0" mb="0" cb="0"/><line nr="46" mi="5" ci="0" mb="0" cb="0"/><line nr="47" mi="4" ci="0" mb="0" cb="0"/><line nr="48" mi="1" ci="0" mb="0" cb="0"/><line nr="53" mi="4" ci="0" mb="0" cb="0"/><line nr="54" mi="1" ci="0" mb="0" cb="0"/><line nr="55" mi="4" ci="0" mb="0" cb="0"/><line nr="56" mi="3" ci="0" mb="0" cb="0"/><line nr="57" mi="1" ci="0" mb="0" cb="0"/><line nr="58" mi="4" ci="0" mb="0" cb="0"/><line nr="59" mi="3" ci="0" mb="0" cb="0"/><line nr="60" mi="1" ci="0" mb="0" cb="0"/><line nr="61" mi="4" ci="0" mb="0" cb="0"/><line nr="62" mi="5" ci="0" mb="0" cb="0"/><line nr="63" mi="1" ci="0" mb="0" cb="0"/><line nr="64" mi="4" ci="0" mb="0" cb="0"/><line nr="65" mi="2" ci="0" mb="0" cb="0"/><line nr="66" mi="1" ci="0" mb="0" cb="0"/><line nr="67" mi="4" ci="0" mb="0" cb="0"/><line nr="68" mi="1" ci="0" mb="0" cb="0"/><line nr="69" mi="4" ci="0" mb="0" cb="0"/><line nr="70" mi="7" ci="0" mb="0" cb="0"/><line nr="72" mi="1" ci="0" mb="0" cb="0"/><counter type="INSTRUCTION" missed="109" covered="0"/><counter type="LINE" missed="34" covered="0"/><counter type="COMPLEXITY" missed="3" covered="0"/><counter type="METHOD" missed="3" covered="0"/><counter type="CLASS" missed="1" covered="0"/></sourcefile><counter type="INSTRUCTION" missed="212" covered="0"/><counter type="LINE" missed="66" covered="0"/><counter type="COMPLEXITY" missed="6" covered="0"/><counter type="METHOD" missed="6" covered="0"/><counter type="CLASS" missed="2" covered="0"/></package><package name="fr/imt/coffee/storage/cupboard"><class name="fr/imt/coffee/storage/cupboard/FabricCupboardContainer" sourcefilename="FabricCupboardContainer.java"><method name="getFabricContainerInstance" desc="()Lfr/imt/coffee/storage/cupboard/FabricCupboardContainer;" line="19"><counter type="INSTRUCTION" missed="2" covered="0"/><counter type="LINE" missed="1" covered="0"/><counter type="COMPLEXITY" missed="1" covered="0"/><counter type="METHOD" missed="1" covered="0"/></method><method name="getContainer" desc="(Ljava/lang/String;D)Lfr/imt/coffee/storage/cupboard/container/Container;" line="30"><counter type="INSTRUCTION" missed="24" covered="0"/><counter type="BRANCH" missed="4" covered="0"/><counter type="LINE" missed="5" covered="0"/><counter type="COMPLEXITY" missed="3" covered="0"/><counter type="METHOD" missed="1" covered="0"/></method><method name="&lt;clinit&gt;" desc="()V" line="10"><counter type="INSTRUCTION" missed="5" covered="0"/><counter type="LINE" missed="1" covered="0"/><counter type="COMPLEXITY" missed="1" covered="0"/><counter type="METHOD" missed="1" covered="0"/></method><counter type="INSTRUCTION" missed="31" covered="0"/><counter type="BRANCH" missed="4" covered="0"/><counter type="LINE" missed="7" covered="0"/><counter type="COMPLEXITY" missed="5" covered="0"/><counter type="METHOD" missed="3" covered="0"/><counter type="CLASS" missed="1" covered="0"/></class><sourcefile name="FabricCupboardContainer.java"><line nr="10" mi="5" ci="0" mb="0" cb="0"/><line nr="19" mi="2" ci="0" mb="0" cb="0"/><line nr="30" mi="4" ci="0" mb="2" cb="0"/><line nr="31" mi="5" ci="0" mb="0" cb="0"/><line nr="32" mi="4" ci="0" mb="2" cb="0"/><line nr="33" mi="5" ci="0" mb="0" cb="0"/><line nr="35" mi="6" ci="0" mb="0" cb="0"/><counter type="INSTRUCTION" missed="31" covered="0"/><counter type="BRANCH" missed="4" covered="0"/><counter type="LINE" missed="7" covered="0"/><counter type="COMPLEXITY" missed="5" covered="0"/><counter type="METHOD" missed="3" covered="0"/><counter type="CLASS" missed="1" covered="0"/></sourcefile><counter type="INSTRUCTION" missed="31" covered="0"/><counter type="BRANCH" missed="4" covered="0"/><counter type="LINE" missed="7" covered="0"/><counter type="COMPLEXITY" missed="5" covered="0"/><counter type="METHOD" missed="3" covered="0"/><counter type="CLASS" missed="1" covered="0"/></package><package name="fr/imt/coffee/machine/component"><class name="fr/imt/coffee/machine/component/BeanTank" sourcefilename="BeanTank.java"><method name="&lt;init&gt;" desc="(DDDLfr/imt/coffee/storage/cupboard/coffee/type/CoffeeType;)V" line="17"><counter type="INSTRUCTION" missed="0" covered="9"/><counter type="LINE" missed="0" covered="3"/><counter type="COMPLEXITY" missed="0" covered="1"/><counter type="METHOD" missed="0" covered="1"/></method><method name="increaseCoffeeVolumeInTank" desc="(DLfr/imt/coffee/storage/cupboard/coffee/type/CoffeeType;)V" line="22"><counter type="INSTRUCTION" missed="0" covered="7"/><counter type="LINE" missed="0" covered="3"/><counter type="COMPLEXITY" missed="0" covered="1"/><counter type="METHOD" missed="0" covered="1"/></method><method name="getBeanCoffeeType" desc="()Lfr/imt/coffee/storage/cupboard/coffee/type/CoffeeType;" line="26"><counter type="INSTRUCTION" missed="0" covered="3"/><counter type="LINE" missed="0" covered="1"/><counter type="COMPLEXITY" missed="0" covered="1"/><counter type="METHOD" missed="0" covered="1"/></method><method name="setBeanCoffeeType" desc="(Lfr/imt/coffee/storage/cupboard/coffee/type/CoffeeType;)V" line="30"><counter type="INSTRUCTION" missed="0" covered="4"/><counter type="LINE" missed="0" covered="2"/><counter type="COMPLEXITY" missed="0" covered="1"/><counter type="METHOD" missed="0" covered="1"/></method><counter type="INSTRUCTION" missed="0" covered="23"/><counter type="LINE" missed="0" covered="9"/><counter type="COMPLEXITY" missed="0" covered="4"/><counter type="METHOD" missed="0" covered="4"/><counter type="CLASS" missed="0" covered="1"/></class><class name="fr/imt/coffee/machine/component/Tank" sourcefilename="Tank.java"><method name="&lt;init&gt;" desc="(DDD)V" line="14"><counter type="INSTRUCTION" missed="0" covered="12"/><counter type="LINE" missed="0" covered="5"/><counter type="COMPLEXITY" missed="0" covered="1"/><counter type="METHOD" missed="0" covered="1"/></method><method name="decreaseVolumeInTank" desc="(D)V" line="25"><counter type="INSTRUCTION" missed="0" covered="7"/><counter type="LINE" missed="0" covered="2"/><counter type="COMPLEXITY" missed="0" covered="1"/><counter type="METHOD" missed="0" covered="1"/></method><method name="increaseVolumeInTank" desc="(D)V" line="33"><counter type="INSTRUCTION" missed="0" covered="7"/><counter type="LINE" missed="0" covered="2"/><counter type="COMPLEXITY" missed="0" covered="1"/><counter type="METHOD" missed="0" covered="1"/></method><method name="getMaxVolume" desc="()D" line="37"><counter type="INSTRUCTION" missed="3" covered="0"/><counter type="LINE" missed="1" covered="0"/><counter type="COMPLEXITY" missed="1" covered="0"/><counter type="METHOD" missed="1" covered="0"/></method><method name="getMinVolume" desc="()D" line="41"><counter type="INSTRUCTION" missed="3" covered="0"/><counter type="LINE" missed="1" covered="0"/><counter type="COMPLEXITY" missed="1" covered="0"/><counter type="METHOD" missed="1" covered="0"/></method><method name="getActualVolume" desc="()D" line="45"><counter type="INSTRUCTION" missed="0" covered="3"/><counter type="LINE" missed="0" covered="1"/><counter type="COMPLEXITY" missed="0" covered="1"/><counter type="METHOD" missed="0" covered="1"/></method><counter type="INSTRUCTION" missed="6" covered="29"/><counter type="LINE" missed="2" covered="10"/><counter type="COMPLEXITY" missed="2" covered="4"/><counter type="METHOD" missed="2" covered="4"/><counter type="CLASS" missed="0" covered="1"/></class><class name="fr/imt/coffee/machine/component/CoffeeGrinder" sourcefilename="CoffeeGrinder.java"><method name="&lt;init&gt;" desc="(I)V" line="14"><counter type="INSTRUCTION" missed="0" covered="6"/><counter type="LINE" missed="0" covered="3"/><counter type="COMPLEXITY" missed="0" covered="1"/><counter type="METHOD" missed="0" covered="1"/></method><method name="grindCoffee" desc="(Lfr/imt/coffee/machine/component/BeanTank;)D" line="26"><counter type="INSTRUCTION" missed="0" covered="22"/><counter type="LINE" missed="0" covered="6"/><counter type="COMPLEXITY" missed="0" covered="1"/><counter type="METHOD" missed="0" covered="1"/></method><method name="&lt;clinit&gt;" desc="()V" line="7"><counter type="INSTRUCTION" missed="0" covered="4"/><counter type="LINE" missed="0" covered="1"/><counter type="COMPLEXITY" missed="0" covered="1"/><counter type="METHOD" missed="0" covered="1"/></method><counter type="INSTRUCTION" missed="0" covered="32"/><counter type="LINE" missed="0" covered="10"/><counter type="COMPLEXITY" missed="0" covered="3"/><counter type="METHOD" missed="0" covered="3"/><counter type="CLASS" missed="0" covered="1"/></class><class name="fr/imt/coffee/machine/component/WaterPump" sourcefilename="WaterPump.java"><method name="&lt;init&gt;" desc="(D)V" line="16"><counter type="INSTRUCTION" missed="0" covered="6"/><counter type="LINE" missed="0" covered="3"/><counter type="COMPLEXITY" missed="0" covered="1"/><counter type="METHOD" missed="0" covered="1"/></method><method name="pumpWater" desc="(DLfr/imt/coffee/machine/component/WaterTank;)D" line="29"><counter type="INSTRUCTION" missed="0" covered="27"/><counter type="LINE" missed="0" covered="7"/><counter type="COMPLEXITY" missed="0" covered="1"/><counter type="METHOD" missed="0" covered="1"/></method><method name="getPumpingCapacity" desc="()D" line="39"><counter type="INSTRUCTION" missed="3" covered="0"/><counter type="LINE" missed="1" covered="0"/><counter type="COMPLEXITY" missed="1" covered="0"/><counter type="METHOD" missed="1" covered="0"/></method><method name="&lt;clinit&gt;" desc="()V" line="9"><counter type="INSTRUCTION" missed="0" covered="4"/><counter type="LINE" missed="0" covered="1"/><counter type="COMPLEXITY" missed="0" covered="1"/><counter type="METHOD" missed="0" covered="1"/></method><counter type="INSTRUCTION" missed="3" covered="37"/><counter type="LINE" missed="1" covered="11"/><counter type="COMPLEXITY" missed="1" covered="3"/><counter type="METHOD" missed="1" covered="3"/><counter type="CLASS" missed="0" covered="1"/></class><class name="fr/imt/coffee/machine/component/WaterTank" sourcefilename="WaterTank.java"><method name="&lt;init&gt;" desc="(DDD)V" line="11"><counter type="INSTRUCTION" missed="0" covered="6"/><counter type="LINE" missed="0" covered="2"/><counter type="COMPLEXITY" missed="0" covered="1"/><counter type="METHOD" missed="0" covered="1"/></method><counter type="INSTRUCTION" missed="0" covered="6"/><counter type="LINE" missed="0" covered="2"/><counter type="COMPLEXITY" missed="0" covered="1"/><counter type="METHOD" missed="0" covered="1"/><counter type="CLASS" missed="0" covered="1"/></class><class name="fr/imt/coffee/machine/component/SteamPipe" sourcefilename="SteamPipe.java"><method name="&lt;init&gt;" desc="()V" line="9"><counter type="INSTRUCTION" missed="6" covered="0"/><counter type="LINE" missed="3" covered="0"/><counter type="COMPLEXITY" missed="1" covered="0"/><counter type="METHOD" missed="1" covered="0"/></method><method name="isOn" desc="()Z" line="18"><counter type="INSTRUCTION" missed="3" covered="0"/><counter type="LINE" missed="1" covered="0"/><counter type="COMPLEXITY" missed="1" covered="0"/><counter type="METHOD" missed="1" covered="0"/></method><method name="setOn" desc="()V" line="25"><counter type="INSTRUCTION" missed="4" covered="0"/><counter type="LINE" missed="2" covered="0"/><counter type="COMPLEXITY" missed="1" covered="0"/><counter type="METHOD" missed="1" covered="0"/></method><method name="setOff" desc="()V" line="32"><counter type="INSTRUCTION" missed="4" covered="0"/><counter type="LINE" missed="2" covered="0"/><counter type="COMPLEXITY" missed="1" covered="0"/><counter type="METHOD" missed="1" covered="0"/></method><counter type="INSTRUCTION" missed="17" covered="0"/><counter type="LINE" missed="8" covered="0"/><counter type="COMPLEXITY" missed="4" covered="0"/><counter type="METHOD" missed="4" covered="0"/><counter type="CLASS" missed="1" covered="0"/></class><class name="fr/imt/coffee/machine/component/ElectricalResistance" sourcefilename="ElectricalResistance.java"><method name="&lt;init&gt;" desc="(D)V" line="14"><counter type="INSTRUCTION" missed="0" covered="6"/><counter type="LINE" missed="0" covered="3"/><counter type="COMPLEXITY" missed="0" covered="1"/><counter type="METHOD" missed="0" covered="1"/></method><method name="waterHeating" desc="(D)D" line="29"><counter type="INSTRUCTION" missed="0" covered="28"/><counter type="LINE" missed="0" covered="6"/><counter type="COMPLEXITY" missed="0" covered="1"/><counter type="METHOD" missed="0" covered="1"/></method><method name="getPower" desc="()D" line="38"><counter type="INSTRUCTION" missed="3" covered="0"/><counter type="LINE" missed="1" covered="0"/><counter type="COMPLEXITY" missed="1" covered="0"/><counter type="METHOD" missed="1" covered="0"/></method><method name="&lt;clinit&gt;" desc="()V" line="8"><counter type="INSTRUCTION" missed="0" covered="4"/><counter type="LINE" missed="0" covered="1"/><counter type="COMPLEXITY" missed="0" covered="1"/><counter type="METHOD" missed="0" covered="1"/></method><counter type="INSTRUCTION" missed="3" covered="38"/><counter type="LINE" missed="1" covered="10"/><counter type="COMPLEXITY" missed="1" covered="3"/><counter type="METHOD" missed="1" covered="3"/><counter type="CLASS" missed="0" covered="1"/></class><sourcefile name="SteamPipe.java"><line nr="9" mi="2" ci="0" mb="0" cb="0"/><line nr="10" mi="3" ci="0" mb="0" cb="0"/><line nr="11" mi="1" ci="0" mb="0" cb="0"/><line nr="18" mi="3" ci="0" mb="0" cb="0"/><line nr="25" mi="3" ci="0" mb="0" cb="0"/><line nr="26" mi="1" ci="0" mb="0" cb="0"/><line nr="32" mi="3" ci="0" mb="0" cb="0"/><line nr="33" mi="1" ci="0" mb="0" cb="0"/><counter type="INSTRUCTION" missed="17" covered="0"/><counter type="LINE" missed="8" covered="0"/><counter type="COMPLEXITY" missed="4" covered="0"/><counter type="METHOD" missed="4" covered="0"/><counter type="CLASS" missed="1" covered="0"/></sourcefile><sourcefile name="ElectricalResistance.java"><line nr="8" mi="0" ci="4" mb="0" cb="0"/><line nr="14" mi="0" ci="2" mb="0" cb="0"/><line nr="15" mi="0" ci="3" mb="0" cb="0"/><line nr="16" mi="0" ci="1" mb="0" cb="0"/><line nr="29" mi="0" ci="13" mb="0" cb="0"/><line nr="30" mi="0" ci="4" mb="0" cb="0"/><line nr="31" mi="0" ci="3" mb="0" cb="0"/><line nr="32" mi="0" ci="3" mb="0" cb="0"/><line nr="33" mi="0" ci="3" mb="0" cb="0"/><line nr="34" mi="0" ci="2" mb="0" cb="0"/><line nr="38" mi="3" ci="0" mb="0" cb="0"/><counter type="INSTRUCTION" missed="3" covered="38"/><counter type="LINE" missed="1" covered="10"/><counter type="COMPLEXITY" missed="1" covered="3"/><counter type="METHOD" missed="1" covered="3"/><counter type="CLASS" missed="0" covered="1"/></sourcefile><sourcefile name="WaterTank.java"><line nr="11" mi="0" ci="5" mb="0" cb="0"/><line nr="12" mi="0" ci="1" mb="0" cb="0"/><counter type="INSTRUCTION" missed="0" covered="6"/><counter type="LINE" missed="0" covered="2"/><counter type="COMPLEXITY" missed="0" covered="1"/><counter type="METHOD" missed="0" covered="1"/><counter type="CLASS" missed="0" covered="1"/></sourcefile><sourcefile name="BeanTank.java"><line nr="17" mi="0" ci="5" mb="0" cb="0"/><line nr="18" mi="0" ci="3" mb="0" cb="0"/><line nr="19" mi="0" ci="1" mb="0" cb="0"/><line nr="22" mi="0" ci="3" mb="0" cb="0"/><line nr="23" mi="0" ci="3" mb="0" cb="0"/><line nr="24" mi="0" ci="1" mb="0" cb="0"/><line nr="26" mi="0" ci="3" mb="0" cb="0"/><line nr="30" mi="0" ci="3" mb="0" cb="0"/><line nr="31" mi="0" ci="1" mb="0" cb="0"/><counter type="INSTRUCTION" missed="0" covered="23"/><counter type="LINE" missed="0" covered="9"/><counter type="COMPLEXITY" missed="0" covered="4"/><counter type="METHOD" missed="0" covered="4"/><counter type="CLASS" missed="0" covered="1"/></sourcefile><sourcefile name="CoffeeGrinder.java"><line nr="7" mi="0" ci="4" mb="0" cb="0"/><line nr="14" mi="0" ci="2" mb="0" cb="0"/><line nr="15" mi="0" ci="3" mb="0" cb="0"/><line nr="16" mi="0" ci="1" mb="0" cb="0"/><line nr="26" mi="0" ci="5" mb="0" cb="0"/><line nr="27" mi="0" ci="3" mb="0" cb="0"/><line nr="28" mi="0" ci="4" mb="0" cb="0"/><line nr="29" mi="0" ci="3" mb="0" cb="0"/><line nr="30" mi="0" ci="3" mb="0" cb="0"/><line nr="31" mi="0" ci="4" mb="0" cb="0"/><counter type="INSTRUCTION" missed="0" covered="32"/><counter type="LINE" missed="0" covered="10"/><counter type="COMPLEXITY" missed="0" covered="3"/><counter type="METHOD" missed="0" covered="3"/><counter type="CLASS" missed="0" covered="1"/></sourcefile><sourcefile name="Tank.java"><line nr="14" mi="0" ci="2" mb="0" cb="0"/><line nr="15" mi="0" ci="3" mb="0" cb="0"/><line nr="16" mi="0" ci="3" mb="0" cb="0"/><line nr="17" mi="0" ci="3" mb="0" cb="0"/><line nr="18" mi="0" ci="1" mb="0" cb="0"/><line nr="25" mi="0" ci="6" mb="0" cb="0"/><line nr="26" mi="0" ci="1" mb="0" cb="0"/><line nr="33" mi="0" ci="6" mb="0" cb="0"/><line nr="34" mi="0" ci="1" mb="0" cb="0"/><line nr="37" mi="3" ci="0" mb="0" cb="0"/><line nr="41" mi="3" ci="0" mb="0" cb="0"/><line nr="45" mi="0" ci="3" mb="0" cb="0"/><counter type="INSTRUCTION" missed="6" covered="29"/><counter type="LINE" missed="2" covered="10"/><counter type="COMPLEXITY" missed="2" covered="4"/><counter type="METHOD" missed="2" covered="4"/><counter type="CLASS" missed="0" covered="1"/></sourcefile><sourcefile name="WaterPump.java"><line nr="9" mi="0" ci="4" mb="0" cb="0"/><line nr="16" mi="0" ci="2" mb="0" cb="0"/><line nr="17" mi="0" ci="3" mb="0" cb="0"/><line nr="18" mi="0" ci="1" mb="0" cb="0"/><line nr="29" mi="0" ci="9" mb="0" cb="0"/><line nr="30" mi="0" ci="4" mb="0" cb="0"/><line nr="31" mi="0" ci="3" mb="0" cb="0"/><line nr="32" mi="0" ci="3" mb="0" cb="0"/><line nr="33" mi="0" ci="3" mb="0" cb="0"/><line nr="34" mi="0" ci="3" mb="0" cb="0"/><line nr="35" mi="0" ci="2" mb="0" cb="0"/><line nr="39" mi="3" ci="0" mb="0" cb="0"/><counter type="INSTRUCTION" missed="3" covered="37"/><counter type="LINE" missed="1" covered="11"/><counter type="COMPLEXITY" missed="1" covered="3"/><counter type="METHOD" missed="1" covered="3"/><counter type="CLASS" missed="0" covered="1"/></sourcefile><counter type="INSTRUCTION" missed="29" covered="165"/><counter type="LINE" missed="12" covered="52"/><counter type="COMPLEXITY" missed="8" covered="18"/><counter type="METHOD" missed="8" covered="18"/><counter type="CLASS" missed="1" covered="6"/></package><package name="fr/imt/coffee/machine/exception"><class name="fr/imt/coffee/machine/exception/CoffeeTypeCupDifferentOfCoffeeTypeTankException" sourcefilename="CoffeeTypeCupDifferentOfCoffeeTypeTankException.java"><method name="&lt;init&gt;" desc="(Ljava/lang/String;)V" line="5"><counter type="INSTRUCTION" missed="0" covered="4"/><counter type="LINE" missed="0" covered="2"/><counter type="COMPLEXITY" missed="0" covered="1"/><counter type="METHOD" missed="0" covered="1"/></method><counter type="INSTRUCTION" missed="0" covered="4"/><counter type="LINE" missed="0" covered="2"/><counter type="COMPLEXITY" missed="0" covered="1"/><counter type="METHOD" missed="0" covered="1"/><counter type="CLASS" missed="0" covered="1"/></class><class name="fr/imt/coffee/machine/exception/MachineNotPluggedException" sourcefilename="MachineNotPluggedException.java"><method name="&lt;init&gt;" desc="(Ljava/lang/String;)V" line="5"><counter type="INSTRUCTION" missed="0" covered="4"/><counter type="LINE" missed="0" covered="2"/><counter type="COMPLEXITY" missed="0" covered="1"/><counter type="METHOD" missed="0" covered="1"/></method><counter type="INSTRUCTION" missed="0" covered="4"/><counter type="LINE" missed="0" covered="2"/><counter type="COMPLEXITY" missed="0" covered="1"/><counter type="METHOD" missed="0" covered="1"/><counter type="CLASS" missed="0" covered="1"/></class><class name="fr/imt/coffee/machine/exception/CannotMakeCremaWithSimpleCoffeeMachine" sourcefilename="CannotMakeCremaWithSimpleCoffeeMachine.java"><method name="&lt;init&gt;" desc="(Ljava/lang/String;)V" line="5"><counter type="INSTRUCTION" missed="0" covered="4"/><counter type="LINE" missed="0" covered="2"/><counter type="COMPLEXITY" missed="0" covered="1"/><counter type="METHOD" missed="0" covered="1"/></method><counter type="INSTRUCTION" missed="0" covered="4"/><counter type="LINE" missed="0" covered="2"/><counter type="COMPLEXITY" missed="0" covered="1"/><counter type="METHOD" missed="0" covered="1"/><counter type="CLASS" missed="0" covered="1"/></class><class name="fr/imt/coffee/machine/exception/LackOfWaterInTankException" sourcefilename="LackOfWaterInTankException.java"><method name="&lt;init&gt;" desc="(Ljava/lang/String;)V" line="5"><counter type="INSTRUCTION" missed="0" covered="4"/><counter type="LINE" missed="0" covered="2"/><counter type="COMPLEXITY" missed="0" covered="1"/><counter type="METHOD" missed="0" covered="1"/></method><counter type="INSTRUCTION" missed="0" covered="4"/><counter type="LINE" missed="0" covered="2"/><counter type="COMPLEXITY" missed="0" covered="1"/><counter type="METHOD" missed="0" covered="1"/><counter type="CLASS" missed="0" covered="1"/></class><sourcefile name="LackOfWaterInTankException.java"><line nr="5" mi="0" ci="3" mb="0" cb="0"/><line nr="6" mi="0" ci="1" mb="0" cb="0"/><counter type="INSTRUCTION" missed="0" covered="4"/><counter type="LINE" missed="0" covered="2"/><counter type="COMPLEXITY" missed="0" covered="1"/><counter type="METHOD" missed="0" covered="1"/><counter type="CLASS" missed="0" covered="1"/></sourcefile><sourcefile name="MachineNotPluggedException.java"><line nr="5" mi="0" ci="3" mb="0" cb="0"/><line nr="6" mi="0" ci="1" mb="0" cb="0"/><counter type="INSTRUCTION" missed="0" covered="4"/><counter type="LINE" missed="0" covered="2"/><counter type="COMPLEXITY" missed="0" covered="1"/><counter type="METHOD" missed="0" covered="1"/><counter type="CLASS" missed="0" covered="1"/></sourcefile><sourcefile name="CoffeeTypeCupDifferentOfCoffeeTypeTankException.java"><line nr="5" mi="0" ci="3" mb="0" cb="0"/><line nr="6" mi="0" ci="1" mb="0" cb="0"/><counter type="INSTRUCTION" missed="0" covered="4"/><counter type="LINE" missed="0" covered="2"/><counter type="COMPLEXITY" missed="0" covered="1"/><counter type="METHOD" missed="0" covered="1"/><counter type="CLASS" missed="0" covered="1"/></sourcefile><sourcefile name="CannotMakeCremaWithSimpleCoffeeMachine.java"><line nr="5" mi="0" ci="3" mb="0" cb="0"/><line nr="6" mi="0" ci="1" mb="0" cb="0"/><counter type="INSTRUCTION" missed="0" covered="4"/><counter type="LINE" missed="0" covered="2"/><counter type="COMPLEXITY" missed="0" covered="1"/><counter type="METHOD" missed="0" covered="1"/><counter type="CLASS" missed="0" covered="1"/></sourcefile><counter type="INSTRUCTION" missed="0" covered="16"/><counter type="LINE" missed="0" covered="8"/><counter type="COMPLEXITY" missed="0" covered="4"/><counter type="METHOD" missed="0" covered="4"/><counter type="CLASS" missed="0" covered="4"/></package><package name="fr/imt/coffee/storage/cupboard/exception"><class name="fr/imt/coffee/storage/cupboard/exception/ExceptionContainerCreation" sourcefilename="ExceptionContainerCreation.java"><method name="&lt;init&gt;" desc="(Ljava/lang/String;)V" line="5"><counter type="INSTRUCTION" missed="4" covered="0"/><counter type="LINE" missed="2" covered="0"/><counter type="COMPLEXITY" missed="1" covered="0"/><counter type="METHOD" missed="1" covered="0"/></method><counter type="INSTRUCTION" missed="4" covered="0"/><counter type="LINE" missed="2" covered="0"/><counter type="COMPLEXITY" missed="1" covered="0"/><counter type="METHOD" missed="1" covered="0"/><counter type="CLASS" missed="1" covered="0"/></class><class name="fr/imt/coffee/storage/cupboard/exception/CupNotEmptyException" sourcefilename="CupNotEmptyException.java"><method name="&lt;init&gt;" desc="(Ljava/lang/String;)V" line="5"><counter type="INSTRUCTION" missed="0" covered="4"/><counter type="LINE" missed="0" covered="2"/><counter type="COMPLEXITY" missed="0" covered="1"/><counter type="METHOD" missed="0" covered="1"/></method><counter type="INSTRUCTION" missed="0" covered="4"/><counter type="LINE" missed="0" covered="2"/><counter type="COMPLEXITY" missed="0" covered="1"/><counter type="METHOD" missed="0" covered="1"/><counter type="CLASS" missed="0" covered="1"/></class><sourcefile name="ExceptionContainerCreation.java"><line nr="5" mi="3" ci="0" mb="0" cb="0"/><line nr="6" mi="1" ci="0" mb="0" cb="0"/><counter type="INSTRUCTION" missed="4" covered="0"/><counter type="LINE" missed="2" covered="0"/><counter type="COMPLEXITY" missed="1" covered="0"/><counter type="METHOD" missed="1" covered="0"/><counter type="CLASS" missed="1" covered="0"/></sourcefile><sourcefile name="CupNotEmptyException.java"><line nr="5" mi="0" ci="3" mb="0" cb="0"/><line nr="6" mi="0" ci="1" mb="0" cb="0"/><counter type="INSTRUCTION" missed="0" covered="4"/><counter type="LINE" missed="0" covered="2"/><counter type="COMPLEXITY" missed="0" covered="1"/><counter type="METHOD" missed="0" covered="1"/><counter type="CLASS" missed="0" covered="1"/></sourcefile><counter type="INSTRUCTION" missed="4" covered="4"/><counter type="LINE" missed="2" covered="2"/><counter type="COMPLEXITY" missed="1" covered="1"/><counter type="METHOD" missed="1" covered="1"/><counter type="CLASS" missed="1" covered="1"/></package><package name="fr/imt/coffee/storage/cupboard/container"><class name="fr/imt/coffee/storage/cupboard/container/CoffeeContainer" sourcefilename="CoffeeContainer.java"><method name="&lt;init&gt;" desc="(DLfr/imt/coffee/storage/cupboard/coffee/type/CoffeeType;)V" line="9"><counter type="INSTRUCTION" missed="7" covered="0"/><counter type="LINE" missed="3" covered="0"/><counter type="COMPLEXITY" missed="1" covered="0"/><counter type="METHOD" missed="1" covered="0"/></method><method name="&lt;init&gt;" desc="(Lfr/imt/coffee/storage/cupboard/container/Container;Lfr/imt/coffee/storage/cupboard/coffee/type/CoffeeType;)V" line="14"><counter type="INSTRUCTION" missed="0" covered="11"/><counter type="LINE" missed="0" covered="4"/><counter type="COMPLEXITY" missed="0" covered="1"/><counter type="METHOD" missed="0" covered="1"/></method><method name="getCoffeeType" desc="()Lfr/imt/coffee/storage/cupboard/coffee/type/CoffeeType;" line="20"><counter type="INSTRUCTION" missed="0" covered="3"/><counter type="LINE" missed="0" covered="1"/><counter type="COMPLEXITY" missed="0" covered="1"/><counter type="METHOD" missed="0" covered="1"/></method><method name="toString" desc="()Ljava/lang/String;" line="24"><counter type="INSTRUCTION" missed="6" covered="0"/><counter type="LINE" missed="1" covered="0"/><counter type="COMPLEXITY" missed="1" covered="0"/><counter type="METHOD" missed="1" covered="0"/></method><counter type="INSTRUCTION" missed="13" covered="14"/><counter type="LINE" missed="4" covered="5"/><counter type="COMPLEXITY" missed="2" covered="2"/><counter type="METHOD" missed="2" covered="2"/><counter type="CLASS" missed="0" covered="1"/></class><class name="fr/imt/coffee/storage/cupboard/container/Container" sourcefilename="Container.java"><method name="&lt;init&gt;" desc="(D)V" line="7"><counter type="INSTRUCTION" missed="0" covered="9"/><counter type="LINE" missed="0" covered="4"/><counter type="COMPLEXITY" missed="0" covered="1"/><counter type="METHOD" missed="0" covered="1"/></method><method name="&lt;init&gt;" desc="(Lfr/imt/coffee/storage/cupboard/container/Container;)V" line="12"><counter type="INSTRUCTION" missed="10" covered="0"/><counter type="LINE" missed="4" covered="0"/><counter type="COMPLEXITY" missed="1" covered="0"/><counter type="METHOD" missed="1" covered="0"/></method><method name="getCapacity" desc="()D" line="18"><counter type="INSTRUCTION" missed="3" covered="0"/><counter type="LINE" missed="1" covered="0"/><counter type="COMPLEXITY" missed="1" covered="0"/><counter type="METHOD" missed="1" covered="0"/></method><method name="setCapacity" desc="(D)V" line="22"><counter type="INSTRUCTION" missed="4" covered="0"/><counter type="LINE" missed="2" covered="0"/><counter type="COMPLEXITY" missed="1" covered="0"/><counter type="METHOD" missed="1" covered="0"/></method><method name="isEmpty" desc="()Z" line="26"><counter type="INSTRUCTION" missed="3" covered="0"/><counter type="LINE" missed="1" covered="0"/><counter type="COMPLEXITY" missed="1" covered="0"/><counter type="METHOD" missed="1" covered="0"/></method><method name="setEmpty" desc="(Z)V" line="30"><counter type="INSTRUCTION" missed="0" covered="4"/><counter type="LINE" missed="0" covered="2"/><counter type="COMPLEXITY" missed="0" covered="1"/><counter type="METHOD" missed="0" covered="1"/></method><method name="toString" desc="()Ljava/lang/String;" line="34"><counter type="INSTRUCTION" missed="6" covered="0"/><counter type="LINE" missed="1" covered="0"/><counter type="COMPLEXITY" missed="1" covered="0"/><counter type="METHOD" missed="1" covered="0"/></method><counter type="INSTRUCTION" missed="26" covered="13"/><counter type="LINE" missed="9" covered="6"/><counter type="COMPLEXITY" missed="5" covered="2"/><counter type="METHOD" missed="5" covered="2"/><counter type="CLASS" missed="0" covered="1"/></class><class name="fr/imt/coffee/storage/cupboard/container/Cup" sourcefilename="Cup.java"><method name="&lt;init&gt;" desc="(D)V" line="6"><counter type="INSTRUCTION" missed="4" covered="0"/><counter type="LINE" missed="2" covered="0"/><counter type="COMPLEXITY" missed="1" covered="0"/><counter type="METHOD" missed="1" covered="0"/></method><method name="&lt;init&gt;" desc="(Lfr/imt/coffee/storage/cupboard/container/Container;)V" line="10"><counter type="INSTRUCTION" missed="4" covered="0"/><counter type="LINE" missed="2" covered="0"/><counter type="COMPLEXITY" missed="1" covered="0"/><counter type="METHOD" missed="1" covered="0"/></method><counter type="INSTRUCTION" missed="8" covered="0"/><counter type="LINE" missed="4" covered="0"/><counter type="COMPLEXITY" missed="2" covered="0"/><counter type="METHOD" missed="2" covered="0"/><counter type="CLASS" missed="1" covered="0"/></class><class name="fr/imt/coffee/storage/cupboard/container/Mug" sourcefilename="Mug.java"><method name="&lt;init&gt;" desc="(D)V" line="6"><counter type="INSTRUCTION" missed="4" covered="0"/><counter type="LINE" missed="2" covered="0"/><counter type="COMPLEXITY" missed="1" covered="0"/><counter type="METHOD" missed="1" covered="0"/></method><counter type="INSTRUCTION" missed="4" covered="0"/><counter type="LINE" missed="2" covered="0"/><counter type="COMPLEXITY" missed="1" covered="0"/><counter type="METHOD" missed="1" covered="0"/><counter type="CLASS" missed="1" covered="0"/></class><class name="fr/imt/coffee/storage/cupboard/container/CoffeeMug" sourcefilename="CoffeeMug.java"><method name="&lt;init&gt;" desc="(DLfr/imt/coffee/storage/cupboard/coffee/type/CoffeeType;)V" line="8"><counter type="INSTRUCTION" missed="5" covered="0"/><counter type="LINE" missed="2" covered="0"/><counter type="COMPLEXITY" missed="1" covered="0"/><counter type="METHOD" missed="1" covered="0"/></method><method name="&lt;init&gt;" desc="(Lfr/imt/coffee/storage/cupboard/container/Mug;Lfr/imt/coffee/storage/cupboard/coffee/type/CoffeeType;)V" line="12"><counter type="INSTRUCTION" missed="0" covered="5"/><counter type="LINE" missed="0" covered="2"/><counter type="COMPLEXITY" missed="0" covered="1"/><counter type="METHOD" missed="0" covered="1"/></method><counter type="INSTRUCTION" missed="5" covered="5"/><counter type="LINE" missed="2" covered="2"/><counter type="COMPLEXITY" missed="1" covered="1"/><counter type="METHOD" missed="1" covered="1"/><counter type="CLASS" missed="0" covered="1"/></class><class name="fr/imt/coffee/storage/cupboard/container/CoffeeCup" sourcefilename="CoffeeCup.java"><method name="&lt;init&gt;" desc="(DLfr/imt/coffee/storage/cupboard/coffee/type/CoffeeType;)V" line="7"><counter type="INSTRUCTION" missed="5" covered="0"/><counter type="LINE" missed="2" covered="0"/><counter type="COMPLEXITY" missed="1" covered="0"/><counter type="METHOD" missed="1" covered="0"/></method><method name="&lt;init&gt;" desc="(Lfr/imt/coffee/storage/cupboard/container/Container;Lfr/imt/coffee/storage/cupboard/coffee/type/CoffeeType;)V" line="11"><counter type="INSTRUCTION" missed="0" covered="5"/><counter type="LINE" missed="0" covered="2"/><counter type="COMPLEXITY" missed="0" covered="1"/><counter type="METHOD" missed="0" covered="1"/></method><counter type="INSTRUCTION" missed="5" covered="5"/><counter type="LINE" missed="2" covered="2"/><counter type="COMPLEXITY" missed="1" covered="1"/><counter type="METHOD" missed="1" covered="1"/><counter type="CLASS" missed="0" covered="1"/></class><sourcefile name="CoffeeContainer.java"><line nr="9" mi="3" ci="0" mb="0" cb="0"/><line nr="10" mi="3" ci="0" mb="0" cb="0"/><line nr="11" mi="1" ci="0" mb="0" cb="0"/><line nr="14" mi="0" ci="4" mb="0" cb="0"/><line nr="15" mi="0" ci="3" mb="0" cb="0"/><line nr="16" mi="0" ci="3" mb="0" cb="0"/><line nr="17" mi="0" ci="1" mb="0" cb="0"/><line nr="20" mi="0" ci="3" mb="0" cb="0"/><line nr="24" mi="6" ci="0" mb="0" cb="0"/><counter type="INSTRUCTION" missed="13" covered="14"/><counter type="LINE" missed="4" covered="5"/><counter type="COMPLEXITY" missed="2" covered="2"/><counter type="METHOD" missed="2" covered="2"/><counter type="CLASS" missed="0" covered="1"/></sourcefile><sourcefile name="CoffeeMug.java"><line nr="8" mi="4" ci="0" mb="0" cb="0"/><line nr="9" mi="1" ci="0" mb="0" cb="0"/><line nr="12" mi="0" ci="4" mb="0" cb="0"/><line nr="13" mi="0" ci="1" mb="0" cb="0"/><counter type="INSTRUCTION" missed="5" covered="5"/><counter type="LINE" missed="2" covered="2"/><counter type="COMPLEXITY" missed="1" covered="1"/><counter type="METHOD" missed="1" covered="1"/><counter type="CLASS" missed="0" covered="1"/></sourcefile><sourcefile name="Container.java"><line nr="7" mi="0" ci="2" mb="0" cb="0"/><line nr="8" mi="0" ci="3" mb="0" cb="0"/><line nr="9" mi="0" ci="3" mb="0" cb="0"/><line nr="10" mi="0" ci="1" mb="0" cb="0"/><line nr="12" mi="2" ci="0" mb="0" cb="0"/><line nr="13" mi="4" ci="0" mb="0" cb="0"/><line nr="14" mi="3" ci="0" mb="0" cb="0"/><line nr="15" mi="1" ci="0" mb="0" cb="0"/><line nr="18" mi="3" ci="0" mb="0" cb="0"/><line nr="22" mi="3" ci="0" mb="0" cb="0"/><line nr="23" mi="1" ci="0" mb="0" cb="0"/><line nr="26" mi="3" ci="0" mb="0" cb="0"/><line nr="30" mi="0" ci="3" mb="0" cb="0"/><line nr="31" mi="0" ci="1" mb="0" cb="0"/><line nr="34" mi="6" ci="0" mb="0" cb="0"/><counter type="INSTRUCTION" missed="26" covered="13"/><counter type="LINE" missed="9" covered="6"/><counter type="COMPLEXITY" missed="5" covered="2"/><counter type="METHOD" missed="5" covered="2"/><counter type="CLASS" missed="0" covered="1"/></sourcefile><sourcefile name="CoffeeCup.java"><line nr="7" mi="4" ci="0" mb="0" cb="0"/><line nr="8" mi="1" ci="0" mb="0" cb="0"/><line nr="11" mi="0" ci="4" mb="0" cb="0"/><line nr="12" mi="0" ci="1" mb="0" cb="0"/><counter type="INSTRUCTION" missed="5" covered="5"/><counter type="LINE" missed="2" covered="2"/><counter type="COMPLEXITY" missed="1" covered="1"/><counter type="METHOD" missed="1" covered="1"/><counter type="CLASS" missed="0" covered="1"/></sourcefile><sourcefile name="Mug.java"><line nr="6" mi="3" ci="0" mb="0" cb="0"/><line nr="7" mi="1" ci="0" mb="0" cb="0"/><counter type="INSTRUCTION" missed="4" covered="0"/><counter type="LINE" missed="2" covered="0"/><counter type="COMPLEXITY" missed="1" covered="0"/><counter type="METHOD" missed="1" covered="0"/><counter type="CLASS" missed="1" covered="0"/></sourcefile><sourcefile name="Cup.java"><line nr="6" mi="3" ci="0" mb="0" cb="0"/><line nr="7" mi="1" ci="0" mb="0" cb="0"/><line nr="10" mi="3" ci="0" mb="0" cb="0"/><line nr="11" mi="1" ci="0" mb="0" cb="0"/><counter type="INSTRUCTION" missed="8" covered="0"/><counter type="LINE" missed="4" covered="0"/><counter type="COMPLEXITY" missed="2" covered="0"/><counter type="METHOD" missed="2" covered="0"/><counter type="CLASS" missed="1" covered="0"/></sourcefile><counter type="INSTRUCTION" missed="61" covered="37"/><counter type="LINE" missed="23" covered="15"/><counter type="COMPLEXITY" missed="12" covered="6"/><counter type="METHOD" missed="12" covered="6"/><counter type="CLASS" missed="2" covered="4"/></package><counter type="INSTRUCTION" missed="480" covered="490"/><counter type="BRANCH" missed="22" covered="18"/><counter type="LINE" missed="140" covered="143"/><counter type="COMPLEXITY" missed="46" covered="57"/><counter type="METHOD" missed="35" covered="48"/><counter type="CLASS" missed="8" covered="17"/></report>